Using pre-set license
Built from '2020.3/staging' branch; Version is '2020.3.20f1 (41c4e627c95f) revision 4310246'; Using compiler version '192528614'; Build Type 'Release'
OS: 'Windows 10 Home; OS build 19041.1237; Version 2004; 64bit' Language: 'en' Physical Memory: 16276 MB
BatchMode: 1, IsHumanControllingUs: 0, StartBugReporterOnCrash: 0, Is64bit: 1, IsPro: 0

COMMAND LINE ARGUMENTS:
C:\Program Files\Unity\Hub\Editor\2020.3.20f1\Editor\Unity.exe
-adb2
-batchMode
-noUpm
-name
AssetImportWorker0
-projectPath
C:/Users/emrs/BobJam
-logFile
Logs/AssetImportWorker0.log
-srvPort
54276
Successfully changed project path to: C:/Users/emrs/BobJam
C:/Users/emrs/BobJam
Using Asset Import Pipeline V2.
Refreshing native plugins compatible for Editor in 38.28 ms, found 2 plugins.
Preloading 0 native plugins for Editor in 0.00 ms.
Initialize engine version: 2020.3.20f1 (41c4e627c95f)
[Subsystems] Discovering subsystems at path C:/Program Files/Unity/Hub/Editor/2020.3.20f1/Editor/Data/Resources/UnitySubsystems
[Subsystems] Discovering subsystems at path C:/Users/emrs/BobJam/Assets
GfxDevice: creating device client; threaded=0
Direct3D:
    Version:  Direct3D 11.0 [level 11.1]
    Renderer: Intel(R) UHD Graphics 620 (ID=0x5917)
    Vendor:   
    VRAM:     8138 MB
    Driver:   23.20.16.4849
Initialize mono
Mono path[0] = 'C:/Program Files/Unity/Hub/Editor/2020.3.20f1/Editor/Data/Managed'
Mono path[1] = 'C:/Program Files/Unity/Hub/Editor/2020.3.20f1/Editor/Data/MonoBleedingEdge/lib/mono/unityjit'
Mono config path = 'C:/Program Files/Unity/Hub/Editor/2020.3.20f1/Editor/Data/MonoBleedingEdge/etc'
Using monoOptions --debugger-agent=transport=dt_socket,embedding=1,server=y,suspend=n,address=127.0.0.1:56964
Begin MonoManager ReloadAssembly
Registering precompiled unity dll's ...
Register platform support module: C:/Program Files/Unity/Hub/Editor/2020.3.20f1/Editor/Data/PlaybackEngines/WebGLSupport/UnityEditor.WebGL.Extensions.dll
Register platform support module: C:/Program Files/Unity/Hub/Editor/2020.3.20f1/Editor/Data/PlaybackEngines/WindowsStandaloneSupport/UnityEditor.WindowsStandalone.Extensions.dll
Registered in 0.003040 seconds.
Native extension for WindowsStandalone target not found
Native extension for WebGL target not found
Refreshing native plugins compatible for Editor in 29.79 ms, found 2 plugins.
Preloading 0 native plugins for Editor in 0.00 ms.
Mono: successfully reloaded assembly
- Completed reload, in  1.256 seconds
Domain Reload Profiling:
	ReloadAssembly (1257ms)
		BeginReloadAssembly (58ms)
			ExecutionOrderSort (0ms)
			DisableScriptedObjects (0ms)
			BackupInstance (0ms)
			ReleaseScriptingObjects (0ms)
			CreateAndSetChildDomain (1ms)
		EndReloadAssembly (401ms)
			LoadAssemblies (56ms)
			RebuildTransferFunctionScriptingTraits (0ms)
			SetupTypeCache (145ms)
			ReleaseScriptCaches (0ms)
			RebuildScriptCaches (32ms)
			SetupLoadedEditorAssemblies (160ms)
				LogAssemblyErrors (0ms)
				InitializePlatformSupportModulesInManaged (5ms)
				SetLoadedEditorAssemblies (0ms)
				RefreshPlugins (30ms)
				BeforeProcessingInitializeOnLoad (12ms)
				ProcessInitializeOnLoadAttributes (85ms)
				ProcessInitializeOnLoadMethodAttributes (27ms)
				AfterProcessingInitializeOnLoad (0ms)
				EditorAssembliesLoaded (0ms)
			ExecutionOrderSort2 (0ms)
			AwakeInstancesAfterBackupRestoration (0ms)
Platform modules already initialized, skipping
Registering precompiled user dll's ...
Registered in 0.009409 seconds.
Begin MonoManager ReloadAssembly
Native extension for WindowsStandalone target not found
Native extension for WebGL target not found
Refreshing native plugins compatible for Editor in 29.61 ms, found 2 plugins.
Preloading 0 native plugins for Editor in 0.00 ms.
Mono: successfully reloaded assembly
- Completed reload, in  1.104 seconds
Domain Reload Profiling:
	ReloadAssembly (1105ms)
		BeginReloadAssembly (155ms)
			ExecutionOrderSort (0ms)
			DisableScriptedObjects (4ms)
			BackupInstance (0ms)
			ReleaseScriptingObjects (0ms)
			CreateAndSetChildDomain (21ms)
		EndReloadAssembly (882ms)
			LoadAssemblies (107ms)
			RebuildTransferFunctionScriptingTraits (0ms)
			SetupTypeCache (306ms)
			ReleaseScriptCaches (1ms)
			RebuildScriptCaches (43ms)
			SetupLoadedEditorAssemblies (312ms)
				LogAssemblyErrors (0ms)
				InitializePlatformSupportModulesInManaged (5ms)
				SetLoadedEditorAssemblies (0ms)
				RefreshPlugins (30ms)
				BeforeProcessingInitializeOnLoad (70ms)
				ProcessInitializeOnLoadAttributes (195ms)
				ProcessInitializeOnLoadMethodAttributes (4ms)
				AfterProcessingInitializeOnLoad (8ms)
				EditorAssembliesLoaded (0ms)
			ExecutionOrderSort2 (0ms)
			AwakeInstancesAfterBackupRestoration (6ms)
Platform modules already initialized, skipping
========================================================================
Worker process is ready to serve import requests
Launched and connected shader compiler UnityShaderCompiler.exe after 0.06 seconds
Refreshing native plugins compatible for Editor in 0.87 ms, found 2 plugins.
Preloading 0 native plugins for Editor in 0.00 ms.
Unloading 1477 Unused Serialized files (Serialized files now loaded: 0)
System memory in use before: 67.4 MB.
System memory in use after: 67.5 MB.

Unloading 26 unused Assets to reduce memory usage. Loaded Objects now: 1903.
Total: 5.166500 ms (FindLiveObjects: 0.337600 ms CreateObjectMapping: 0.108400 ms MarkObjects: 4.580000 ms  DeleteObjects: 0.138400 ms)

AssetImportParameters requested are different than current active one (requested -> active):
  custom:framework-win-MediaFoundation: 216162199b28c13a410421893ffa2e32 -> 
  custom:video-decoder-ogg-theora: a1e56fd34408186e4bbccfd4996cb3dc -> 
  custom:container-muxer-webm: aa71ff27fc2769a1b78a27578f13a17b -> 
  custom:container-demuxer-webm: 4f35f7cbe854078d1ac9338744f61a02 -> 
  custom:container-demuxer-ogg: 62fdf1f143b41e24485cea50d1cbac27 -> 
  custom:video-encoder-webm-vp8: eb34c28f22e8b96e1ab97ce403110664 -> 
  custom:video-decoder-webm-vp8: 9c59270c3fd7afecdb556c50c9e8de78 -> 
  custom:audio-decoder-ogg-vorbis: bf7c407c2cedff20999df2af8eb42d56 -> 
  custom:audio-encoder-webm-vorbis: bf7c407c2cedff20999df2af8eb42d56 -> 
========================================================================
Received Import Request.
  path: Assets/mouths.png
  artifactKey: Guid(5f382780071f0b646ae8b3cb4513fdee) Importer(815301076,1909f56bfc062723c751e8b465ee728b)
Start importing Assets/mouths.png using Guid(5f382780071f0b646ae8b3cb4513fdee) Importer(815301076,1909f56bfc062723c751e8b465ee728b)  -> (artifact id: '0436efe2b90c6d4cdb6bb70c5438bc97') in 0.134141 seconds 
  Import took 0.137849 seconds .

========================================================================
Received Import Request.
  Time since last request: 0.000517 seconds.
  path: Assets/candles.png
  artifactKey: Guid(61d6037c6cc360446a5de7f479cbb214) Importer(815301076,1909f56bfc062723c751e8b465ee728b)
Start importing Assets/candles.png using Guid(61d6037c6cc360446a5de7f479cbb214) Importer(815301076,1909f56bfc062723c751e8b465ee728b)  -> (artifact id: '2e8718766f7e61fe6d3c05c7927d486a') in 0.046329 seconds 
  Import took 0.049032 seconds .

========================================================================
Received Import Request.
  Time since last request: 0.000509 seconds.
  path: Assets/frog songs.wav
  artifactKey: Guid(8173b094712d18345b060d8807fd9ee4) Importer(815301076,1909f56bfc062723c751e8b465ee728b)
Start importing Assets/frog songs.wav using Guid(8173b094712d18345b060d8807fd9ee4) Importer(815301076,1909f56bfc062723c751e8b465ee728b)  -> (artifact id: '35b9a8af2078b2f4f6a5c7754fe580fc') in 0.106638 seconds 
  Import took 0.109271 seconds .

========================================================================
Received Import Request.
  Time since last request: 0.000337 seconds.
  path: Assets/bubble.png
  artifactKey: Guid(c1d034950a55cfc42b14ba1ae3f46720) Importer(815301076,1909f56bfc062723c751e8b465ee728b)
Start importing Assets/bubble.png using Guid(c1d034950a55cfc42b14ba1ae3f46720) Importer(815301076,1909f56bfc062723c751e8b465ee728b)  -> (artifact id: '7b84d7ed803a92efc739fb32bbb49f28') in 0.024456 seconds 
  Import took 0.029986 seconds .

========================================================================
Received Import Request.
  Time since last request: 0.000930 seconds.
  path: Assets/planks.png
  artifactKey: Guid(a118304781d1e9f44999c85e8ccb103c) Importer(815301076,1909f56bfc062723c751e8b465ee728b)
Start importing Assets/planks.png using Guid(a118304781d1e9f44999c85e8ccb103c) Importer(815301076,1909f56bfc062723c751e8b465ee728b)  -> (artifact id: '110779125d0ba5341980ae80e9e15eaf') in 0.018312 seconds 
  Import took 0.024029 seconds .

========================================================================
Received Import Request.
  Time since last request: 0.000392 seconds.
  path: Assets/frog.png
  artifactKey: Guid(6eb774b8112c7db439b59a9245d30019) Importer(815301076,1909f56bfc062723c751e8b465ee728b)
Start importing Assets/frog.png using Guid(6eb774b8112c7db439b59a9245d30019) Importer(815301076,1909f56bfc062723c751e8b465ee728b)  -> (artifact id: '10a1d41fdc15950edd52ad80ee38f364') in 0.057509 seconds 
  Import took 0.063608 seconds .

========================================================================
Received Import Request.
  Time since last request: 0.000403 seconds.
  path: Assets/cake.png
  artifactKey: Guid(7f65d5ba238d3c04d8754a36b3a91ca6) Importer(815301076,1909f56bfc062723c751e8b465ee728b)
Start importing Assets/cake.png using Guid(7f65d5ba238d3c04d8754a36b3a91ca6) Importer(815301076,1909f56bfc062723c751e8b465ee728b)  -> (artifact id: 'c48d07dca3166505f16453f10e85512c') in 0.022975 seconds 
  Import took 0.030206 seconds .

========================================================================
Received Import Request.
  Time since last request: 0.000571 seconds.
  path: Assets/Scenes/SampleScene.unity
  artifactKey: Guid(9fc0d4010bbf28b4594072e72b8655ab) Importer(815301076,1909f56bfc062723c751e8b465ee728b)
Start importing Assets/Scenes/SampleScene.unity using Guid(9fc0d4010bbf28b4594072e72b8655ab) Importer(815301076,1909f56bfc062723c751e8b465ee728b)  -> (artifact id: 'c7d60a38cfd931b708fc8f3baeffc1ee') in 0.010033 seconds 
  Import took 0.015905 seconds .

========================================================================
Received Import Request.
  Time since last request: 12.713548 seconds.
  path: Assets/FadeOut.cs
  artifactKey: Guid(c4507dad5d0ac564c8eaccb48387fcfc) Importer(815301076,1909f56bfc062723c751e8b465ee728b)
Start importing Assets/FadeOut.cs using Guid(c4507dad5d0ac564c8eaccb48387fcfc) Importer(815301076,1909f56bfc062723c751e8b465ee728b)  -> (artifact id: '3709b87488d8bf4a7cc804c2a44b2ac3') in 0.009738 seconds 
  Import took 0.013862 seconds .

========================================================================
Received Import Request.
  Time since last request: 5.326444 seconds.
  path: Assets/talking.anim
  artifactKey: Guid(4968c24a5e9f27f44a7eede1afa7d8c1) Importer(815301076,1909f56bfc062723c751e8b465ee728b)
Start importing Assets/talking.anim using Guid(4968c24a5e9f27f44a7eede1afa7d8c1) Importer(815301076,1909f56bfc062723c751e8b465ee728b)  -> (artifact id: 'e757b60d84f86d86247c3993f109baa3') in 0.005711 seconds 
  Import took 0.008931 seconds .

========================================================================
Received Import Request.
  Time since last request: 361.621666 seconds.
  path: Assets/candles.anim
  artifactKey: Guid(dacb7a949b46cf2448965e4c8ac4095f) Importer(815301076,1909f56bfc062723c751e8b465ee728b)
Start importing Assets/candles.anim using Guid(dacb7a949b46cf2448965e4c8ac4095f) Importer(815301076,1909f56bfc062723c751e8b465ee728b)  -> (artifact id: 'b2817e8d2340d1cc89547e1c66b48224') in 0.005121 seconds 
  Import took 0.012261 seconds .

========================================================================
Received Import Request.
  Time since last request: 3.304038 seconds.
  path: Assets/candles_0.controller
  artifactKey: Guid(47e4811b9f41bbb4ea0940cf03b62254) Importer(815301076,1909f56bfc062723c751e8b465ee728b)
Start importing Assets/candles_0.controller using Guid(47e4811b9f41bbb4ea0940cf03b62254) Importer(815301076,1909f56bfc062723c751e8b465ee728b)  -> (artifact id: '30792c2983e1a72e9a5035743331bbb1') in 0.014408 seconds 
  Import took 0.019031 seconds .

AssetImportWorkerClient::OnTransportError - code=2 error=End of file
